<?xml version="1.0" encoding="UTF-8"?>
<!-- Generated by org.testng.reporters.JUnitReportReporter -->
<testsuite skipped="1" hostname="DESKTOP-8OBLECF" name="com.learnautomation.hybrid.testcases.LoginTest" tests="3" failures="0" timestamp="2021-09-11T10:03:58 IST" time="18.037" errors="0">
  <testcase name="loginTest" time="7.801" classname="com.learnautomation.hybrid.testcases.LoginTest"/>
  <system-out/>
  <testcase name="createAccountNew" time="10.236" classname="com.learnautomation.hybrid.testcases.LoginTest"/>
  <system-out/>
  <testcase name="createAccount" classname="com.learnautomation.hybrid.testcases.LoginTest">
    <skipped/>
  </testcase> <!-- createAccount -->
  <system-out/>
</testsuite> <!-- com.learnautomation.hybrid.testcases.LoginTest -->
