<?xml version="1.0" encoding="UTF-8"?>
<!-- Generated by org.testng.reporters.JUnitReportReporter -->
<testsuite skipped="0" hostname="DESKTOP-8OBLECF" name="com.learnautomation.hybrid.unittest.ConfigTest" tests="1" failures="0" timestamp="2021-08-29T08:23:02 IST" time="0.075" errors="0">
  <testcase name="getValue" time="0.075" classname="com.learnautomation.hybrid.unittest.ConfigTest"/>
  <system-out/>
</testsuite> <!-- com.learnautomation.hybrid.unittest.ConfigTest -->
