<?xml version="1.0" encoding="UTF-8"?>
<!-- Generated by org.testng.reporters.JUnitReportReporter -->
<testsuite skipped="0" hostname="DESKTOP-8OBLECF" name="com.learnautomation.hybrid.unittest.BrowserTest" tests="1" failures="0" timestamp="2021-08-28T09:39:12 IST" time="19.904" errors="0">
  <testcase name="testBrowser" time="19.904" classname="com.learnautomation.hybrid.unittest.BrowserTest"/>
  <system-out/>
</testsuite> <!-- com.learnautomation.hybrid.unittest.BrowserTest -->
